<?xml version="1.0" encoding="UTF-8"?>
<!-- Generated by org.testng.reporters.JUnitXMLReporter -->
<testsuite ignored="0" hostname="PAVANKUMAR" failures="0" tests="1" name="Test-Runner-Edge" time="26.534" errors="0" timestamp="2022-11-14T09:00:25 IST">
  <testcase classname="vTiger.ContactsTests.CreateContactTest" name="createContactTest" time="14.246"/>
</testsuite> <!-- Test-Runner-Edge -->
