<?xml version="1.0" encoding="UTF-8"?>
<!-- Generated by org.testng.reporters.JUnitReportReporter -->
<testsuite hostname="PAVANKUMAR" failures="0" tests="1" name="vTiger.OrganisationTests.CreateOrganisationWithIndustry" time="0.000" errors="0" timestamp="2022-11-13T21:44:54 IST" skipped="1">
  <testcase classname="vTiger.OrganisationTests.CreateOrganisationWithIndustry" name="createOrganisationWithIndustry" time="0.000">
    <skipped/>
  </testcase> <!-- createOrganisationWithIndustry -->
  <system-out/>
</testsuite> <!-- vTiger.OrganisationTests.CreateOrganisationWithIndustry -->
