<?xml version="1.0" encoding="UTF-8"?>
<!-- Generated by org.testng.reporters.JUnitReportReporter -->
<testsuite hostname="PAVANKUMAR" failures="0" tests="1" name="vTigerAppPractice.CreateContactTestPractice" time="13.944" errors="0" timestamp="2022-11-20T13:12:37 IST" skipped="0">
  <testcase classname="vTigerAppPractice.CreateContactTestPractice" name="createContact" time="13.944"/>
  <system-out/>
</testsuite> <!-- vTigerAppPractice.CreateContactTestPractice -->
