<?xml version="1.0" encoding="UTF-8"?>
<!-- Generated by org.testng.reporters.JUnitReportReporter -->
<testsuite hostname="PAVANKUMAR" failures="0" tests="1" name="vTigerAppPractice.reafFromCmdTest" time="0.011" errors="0" timestamp="2022-11-20T12:47:31 IST" skipped="0">
  <testcase classname="vTigerAppPractice.reafFromCmdTest" name="readDataFromCmd" time="0.011"/>
  <system-out/>
</testsuite> <!-- vTigerAppPractice.reafFromCmdTest -->
