<?xml version="1.0" encoding="UTF-8"?>
<!-- Generated by org.testng.reporters.JUnitReportReporter -->
<testsuite hostname="PAVANKUMAR" failures="0" tests="1" name="vTiger.ProductTests.CreateProductWithVendorTest" time="19.367" errors="0" timestamp="2022-11-20T12:55:36 IST" skipped="0">
  <testcase classname="vTiger.ProductTests.CreateProductWithVendorTest" name="createProduct" time="19.367"/>
  <system-out/>
</testsuite> <!-- vTiger.ProductTests.CreateProductWithVendorTest -->
