<?xml version="1.0" encoding="UTF-8"?>
<!-- Generated by org.testng.reporters.JUnitReportReporter -->
<testsuite hostname="PAVANKUMAR" failures="0" tests="1" name="vTiger.ContactsTests.CreateContactWithOrganization" time="17.931" errors="0" timestamp="2022-11-15T09:02:07 IST" skipped="0">
  <testcase classname="vTiger.ContactsTests.CreateContactWithOrganization" name="createContactWithOrgTEst" time="17.931"/>
  <system-out>
    <![CDATA[Test Execution Started-> createContactWithOrgTEst]]>
  </system-out>
</testsuite> <!-- vTiger.ContactsTests.CreateContactWithOrganization -->
