<?xml version="1.0" encoding="UTF-8"?>
<!-- Generated by org.testng.reporters.JUnitReportReporter -->
<testsuite hostname="PAVANKUMAR" failures="0" tests="3" name="vTigerAppPractice.DataProviderPractise" time="0.015" errors="0" timestamp="2022-11-15T08:10:27 IST" skipped="0">
  <testcase classname="vTigerAppPractice.DataProviderPractise" name="addProductToCartTest" time="0.011"/>
  <system-out/>
  <testcase classname="vTigerAppPractice.DataProviderPractise" name="addProductToCartTest" time="0.002"/>
  <system-out/>
  <testcase classname="vTigerAppPractice.DataProviderPractise" name="addProductToCartTest" time="0.002"/>
  <system-out/>
</testsuite> <!-- vTigerAppPractice.DataProviderPractise -->
